




                         ***************
                         * B O W E L L *
                         ***************



          Wellenausbreitung im geschichtetem Boden




 Halbraum - Nue = 0.30                                                           


     Anzahl der Bodenschichten................ N =   92
     Anzahl der Radien fuer Verschiebungen.. NSB =   96
     Anzahl der Tiefen fuer Verschiebungen NTIEF =    3
     Anzahl der Frequenzen................... NF =    1
     Kennwert fuer Halbraum............... IHALB =    3
     Anzahl der Halbraumschichten......... NHALB =    8
     Vergroesserungsfaktor Schichtdicke.. ALFA = 1.50000
     Vergroesserungsfaktor G-Modul....... BETA = 0.00000
     Output in Standardausgabe


    Eingabewerte fuer Bodenprofil
    *****************************

     Nr.     Dicke  Tiefe  Massen-   Schub-  Poisson Scherwellen Komp.wellen  Daempf.
                            dichte    modul     Zahl  geschwind.  geschwind.

       1      0.20   0.20  0.00180    10.18    0.300        75.2       140.7     0.03
       2      0.40   0.60  0.00180    20.36    0.300       106.4       199.0     0.03
       3      0.40   1.00  0.00180    28.80    0.300       126.5       236.6     0.03
       4      0.50   1.50  0.00180    36.00    0.300       141.4       264.6     0.03
       5      0.50   2.00  0.00180    42.60    0.300       153.8       287.8     0.03
       6      0.50   2.50  0.00180    48.30    0.300       163.8       306.5     0.03
       7      0.50   3.00  0.00180    53.40    0.300       172.2       322.2     0.03
       8      0.50   3.50  0.00180    58.05    0.300       179.6       336.0     0.03
       9      0.50   4.00  0.00180    62.35    0.300       186.1       348.2     0.03
      10      0.50   4.50  0.00180    66.38    0.300       192.0       359.3     0.03
      11      0.50   5.00  0.00180    70.18    0.300       197.5       369.4     0.03
      12      0.50   5.50  0.00180    73.78    0.300       202.5       378.8     0.03
      13      0.50   6.00  0.00180    77.21    0.300       207.1       387.5     0.03
      14      0.50   6.50  0.00180    80.50    0.300       211.5       395.6     0.03
      15      0.50   7.00  0.00180    83.66    0.300       215.6       403.3     0.03
      16      0.50   7.50  0.00180    86.70    0.300       219.5       410.6     0.03
      17      0.50   8.00  0.00180    89.64    0.300       223.2       417.5     0.03
      18      0.50   8.50  0.00180    92.49    0.300       226.7       424.1     0.03
      19      0.50   9.00  0.00180    95.25    0.300       230.0       430.4     0.03
      20      0.50   9.50  0.00180    97.93    0.300       233.2       436.4     0.03
      21      0.50  10.00  0.00180   100.54    0.300       236.3       442.1     0.03
      22      0.50  10.50  0.00180   103.09    0.300       239.3       447.7     0.03
      23      0.50  11.00  0.00180   105.57    0.300       242.2       453.1     0.03
      24      0.50  11.50  0.00180   108.00    0.300       244.9       458.3     0.03
      25      0.50  12.00  0.00180   110.37    0.300       247.6       463.3     0.03
      26      0.50  12.50  0.00180   112.70    0.300       250.2       468.1     0.03
      27      0.50  13.00  0.00180   114.97    0.300       252.7       472.8     0.03
      28      0.50  13.50  0.00180   117.21    0.300       255.2       477.4     0.03
      29      0.50  14.00  0.00180   119.40    0.300       257.6       481.8     0.03
      30      0.50  14.50  0.00180   121.55    0.300       259.9       486.2     0.03
      31      0.50  15.00  0.00180   123.66    0.300       262.1       490.4     0.03
      32      0.50  15.50  0.00180   125.74    0.300       264.3       494.5     0.03
      33      0.50  16.00  0.00180   127.79    0.300       266.4       498.5     0.03
      34      0.50  16.50  0.00180   129.80    0.300       268.5       502.4     0.03
      35      0.50  17.00  0.00180   131.78    0.300       270.6       506.2     0.03
      36      0.50  17.50  0.00180   133.73    0.300       272.6       509.9     0.03
      37      0.50  18.00  0.00180   135.66    0.300       274.5       513.6     0.03
      38      0.50  18.50  0.00180   137.56    0.300       276.4       517.2     0.03
      39      0.50  19.00  0.00180   139.43    0.300       278.3       520.7     0.03
      40      0.50  19.50  0.00180   141.27    0.300       280.1       524.1     0.03
      41      0.50  20.00  0.00180   143.10    0.300       282.0       527.5     0.03
      42      0.50  20.50  0.00180   144.90    0.300       283.7       530.8     0.03
      43      0.50  21.00  0.00180   146.68    0.300       285.5       534.1     0.03
      44      0.50  21.50  0.00180   148.43    0.300       287.2       537.2     0.03
      45      0.50  22.00  0.00180   150.17    0.300       288.8       540.4     0.03
      46      0.50  22.50  0.00180   151.88    0.300       290.5       543.4     0.03
      47      0.50  23.00  0.00180   153.58    0.300       292.1       546.5     0.03
      48      0.50  23.50  0.00180   155.26    0.300       293.7       549.4     0.03
      49      0.50  24.00  0.00180   156.92    0.300       295.3       552.4     0.03
      50      0.50  24.50  0.00180   158.56    0.300       296.8       555.3     0.03
      51      0.50  25.00  0.00180   160.19    0.300       298.3       558.1     0.03
      52      0.50  25.50  0.00180   161.80    0.300       299.8       560.9     0.03
      53      0.50  26.00  0.00180   163.39    0.300       301.3       563.7     0.03
      54      0.50  26.50  0.00180   164.97    0.300       302.7       566.4     0.03
      55      0.50  27.00  0.00180   166.54    0.300       304.2       569.1     0.03
      56      0.50  27.50  0.00180   168.09    0.300       305.6       571.7     0.03
      57      0.50  28.00  0.00180   169.62    0.300       307.0       574.3     0.03
      58      0.50  28.50  0.00180   171.14    0.300       308.3       576.9     0.03
      59      0.50  29.00  0.00180   172.65    0.300       309.7       579.4     0.03
      60      0.50  29.50  0.00180   174.14    0.300       311.0       581.9     0.03
      61      0.50  30.00  0.00180   175.63    0.300       312.4       584.4     0.03
      62      0.50  30.50  0.00180   177.10    0.300       313.7       586.8     0.03
      63      0.50  31.00  0.00180   178.55    0.300       315.0       589.2     0.03
      64      0.50  31.50  0.00180   180.00    0.300       316.2       591.6     0.03
      65      0.50  32.00  0.00180   181.43    0.300       317.5       594.0     0.03
      66      0.50  32.50  0.00180   182.86    0.300       318.7       596.3     0.03
      67      0.50  33.00  0.00180   184.27    0.300       320.0       598.6     0.03
      68      0.50  33.50  0.00180   185.67    0.300       321.2       600.9     0.03
      69      0.50  34.00  0.00180   187.06    0.300       322.4       603.1     0.03
      70      0.50  34.50  0.00180   188.44    0.300       323.6       605.3     0.03
      71      0.50  35.00  0.00180   189.81    0.300       324.7       607.5     0.03
      72      0.50  35.50  0.00180   191.17    0.300       325.9       609.7     0.03
      73      0.50  36.00  0.00180   192.52    0.300       327.0       611.8     0.03
      74      0.50  36.50  0.00180   193.87    0.300       328.2       614.0     0.03
      75      0.50  37.00  0.00180   195.20    0.300       329.3       616.1     0.03
      76      0.50  37.50  0.00180   196.52    0.300       330.4       618.2     0.03
      77      0.50  38.00  0.00180   197.84    0.300       331.5       620.2     0.03
      78      0.50  38.50  0.00180   199.14    0.300       332.6       622.3     0.03
      79      0.50  39.00  0.00180   200.44    0.300       333.7       624.3     0.03
      80      0.50  39.50  0.00180   201.73    0.300       334.8       626.3     0.03
      81      0.50  40.00  0.00180   203.01    0.300       335.8       628.3     0.03
      82      0.50  40.50  0.00180   204.28    0.300       336.9       630.2     0.03
      83      0.50  41.00  0.00180   205.55    0.300       337.9       632.2     0.03
      84      0.50  41.50  0.00180   206.80    0.300       339.0       634.1     0.03
      85      0.50  42.00  0.00180   208.05    0.300       340.0       636.0     0.03
      86      0.50  42.50  0.00180   209.30    0.300       341.0       637.9     0.03
      87      0.50  43.00  0.00180   210.53    0.300       342.0       639.8     0.03
      88      0.50  43.50  0.00180   211.76    0.300       343.0       641.7     0.03
      89      0.50  44.00  0.00180   212.98    0.300       344.0       643.5     0.03
      90      0.50  44.50  0.00180   214.19    0.300       345.0       645.4     0.03
      91      0.50  45.00  0.00180   215.40    0.300       345.9       647.2     0.03
      92      0.50  45.50  0.00180   216.60    0.300       346.9       649.0     0.03

    Das Schichtenpaket ruht auf einem elastischen Halbraum.
    Der Halbraum besteht aus  8 zusaetzlichen Schichten.
    Die Bodenkennwerte entsprechen denen der Schicht 92.
    Unter den Halbraumschichten ist ein einfacher Daempfer angeordnet.


    Radien fuer Verschiebungen
    **************************

         0.500     3.000     3.500     4.000     4.500     5.000     5.500     6.000
         6.500     7.000     7.500     8.000     8.500     9.000     9.500    10.000
        10.500    11.000    11.500    12.000    12.500    13.000    13.500    14.000
        14.500    15.000    15.500    16.000    16.500    17.000    17.500    18.000
        18.500    19.000    19.500    20.000    20.500    21.000    21.500    22.000
        22.500    23.000    23.500    24.000    24.500    25.000    25.500    26.000
        26.500    27.000    27.500    28.000    28.500    29.000    29.500    30.000
        30.500    31.000    31.500    32.000    32.500    33.000    33.500    34.000
        34.500    35.000    35.500    36.000    36.500    37.000    37.500    38.000
        38.500    39.000    39.500    40.000    40.500    41.000    41.500    42.000
        42.500    43.000    43.500    44.000    44.500    45.000    45.500    46.000
        46.500    47.000    47.500    48.000    48.500    49.000    49.500    50.000



    Tiefennummern
    *************

      Last:    1, Verschiebungen:    1   12   22


    Berechnete Frequenzen
    *********************

        10.00000


                                        Frequenz =   10.0000 Hz
                                        ***********************

     Dicke des approximierten Halbraumes :    22.260

          Schichtnr.    Dicke      Schubmodul

               93       0.750       0.217E+03
               94       1.125       0.217E+03
               95       1.688       0.217E+03
               96       2.531       0.217E+03
               97       3.797       0.217E+03
               98       4.123       0.217E+03
               99       4.123       0.217E+03
              100       4.123       0.217E+03



    Vorhandene Feldlaenge :   2000000
    Benoetigte Feldlaenge :     91741



1 FAILURE TO CONVERGE IN 30 ITERATION STEPS


                                        Frequenz =   10.1000 Hz
                                        ***********************

     Dicke des approximierten Halbraumes :    22.138

          Schichtnr.    Dicke      Schubmodul

               93       0.750       0.217E+03
               94       1.125       0.217E+03
               95       1.688       0.217E+03
               96       2.531       0.217E+03
               97       3.797       0.217E+03
               98       4.082       0.217E+03
               99       4.082       0.217E+03
              100       4.082       0.217E+03



    Vorhandene Feldlaenge :   2000000
    Benoetigte Feldlaenge :     91741





    Verschiebungen an den Stuetzradien
    **********************************

     Verschiebung im Mittelpunkt einer Kreisflaechenlast

 Schg.  Nr. Schg.                   U                   V            U bzw. V                   W                   W
 Last Stue. Vers.         infolge H=1         infolge H=1         infolge V=1         infolge H=1         infolge V=1
                       Real      Imag      Real      Imag      Real      Imag      Real      Imag      Real      Imag

    1    1    1   0.372E-01-0.368E-02 0.000E+00 0.000E+00 0.000E+00 0.000E+00 0.000E+00 0.000E+00 0.211E-01-0.203E-02
    1    1   12  -0.255E-03-0.382E-03 0.000E+00 0.000E+00 0.000E+00 0.000E+00 0.000E+00 0.000E+00 0.203E-03-0.610E-03
    1    1   22  -0.167E-03 0.106E-03 0.000E+00 0.000E+00 0.000E+00 0.000E+00 0.000E+00 0.000E+00-0.155E-03-0.162E-03

     Verschiebung auf Kreisring infolge Einzellast

 Schg.  Nr. Schg.           U-Frontal           U-Lateral           U-Frontal                   W                   W
 Last Stue. Vers.         infolge H=1         infolge H=1         infolge V=1         infolge H=1         infolge V=1
                       Real      Imag      Real      Imag      Real      Imag      Real      Imag      Real      Imag

    1    2    1   0.105E-02-0.149E-02 0.188E-03-0.128E-02 0.293E-03-0.272E-03-0.293E-03 0.272E-03 0.264E-03-0.735E-03
    1    2   12  -0.212E-03-0.341E-03-0.323E-03-0.240E-03-0.140E-03 0.947E-04-0.163E-03 0.244E-03-0.306E-04-0.457E-03
    1    2   22  -0.147E-03 0.968E-04-0.143E-03 0.125E-03 0.914E-06 0.630E-04 0.317E-04 0.929E-04-0.159E-03-0.114E-03
    1    3    1   0.643E-03-0.137E-02-0.973E-04-0.112E-02 0.219E-03-0.290E-03-0.219E-03 0.290E-03 0.911E-04-0.658E-03
    1    3   12  -0.208E-03-0.325E-03-0.335E-03-0.195E-03-0.139E-03 0.105E-03-0.147E-03 0.267E-03-0.834E-04-0.408E-03
    1    3   22  -0.141E-03 0.939E-04-0.135E-03 0.131E-03 0.367E-05 0.704E-04 0.401E-04 0.103E-03-0.159E-03-0.978E-04
    1    4    1   0.340E-03-0.124E-02-0.309E-03-0.947E-03 0.152E-03-0.302E-03-0.152E-03 0.302E-03-0.387E-04-0.579E-03
    1    4   12  -0.208E-03-0.308E-03-0.343E-03-0.147E-03-0.133E-03 0.114E-03-0.123E-03 0.284E-03-0.130E-03-0.356E-03
    1    4   22  -0.134E-03 0.909E-04-0.125E-03 0.137E-03 0.728E-05 0.764E-04 0.494E-04 0.110E-03-0.158E-03-0.808E-04
    1    5    1   0.108E-03-0.111E-02-0.464E-03-0.774E-03 0.906E-04-0.306E-03-0.906E-04 0.306E-03-0.137E-03-0.499E-03
    1    5   12  -0.209E-03-0.288E-03-0.345E-03-0.962E-04-0.124E-03 0.122E-03-0.927E-04 0.295E-03-0.170E-03-0.301E-03
    1    5   22  -0.127E-03 0.877E-04-0.113E-03 0.143E-03 0.117E-04 0.810E-04 0.594E-04 0.114E-03-0.155E-03-0.627E-04
    1    6    1  -0.717E-04-0.978E-03-0.572E-03-0.602E-03 0.327E-04-0.303E-03-0.327E-04 0.303E-03-0.211E-03-0.417E-03
    1    6   12  -0.212E-03-0.266E-03-0.342E-03-0.454E-04-0.111E-03 0.127E-03-0.578E-04 0.298E-03-0.201E-03-0.245E-03
    1    6   22  -0.121E-03 0.847E-04-0.100E-03 0.148E-03 0.167E-04 0.843E-04 0.700E-04 0.116E-03-0.151E-03-0.443E-04
    1    7    1  -0.210E-03-0.847E-03-0.641E-03-0.432E-03-0.212E-04-0.293E-03 0.212E-04 0.293E-03-0.264E-03-0.337E-03
    1    7   12  -0.217E-03-0.243E-03-0.332E-03 0.451E-05-0.976E-04 0.131E-03-0.207E-04 0.295E-03-0.223E-03-0.189E-03
    1    7   22  -0.114E-03 0.817E-04-0.864E-04 0.153E-03 0.223E-04 0.861E-04 0.808E-04 0.115E-03-0.145E-03-0.259E-04
    1    8    1  -0.314E-03-0.718E-03-0.675E-03-0.269E-03-0.709E-04-0.277E-03 0.709E-04 0.277E-03-0.299E-03-0.258E-03
    1    8   12  -0.221E-03-0.219E-03-0.316E-03 0.524E-04-0.829E-04 0.132E-03 0.168E-04 0.286E-03-0.236E-03-0.134E-03
    1    8   22  -0.108E-03 0.790E-04-0.714E-04 0.157E-03 0.282E-04 0.865E-04 0.914E-04 0.112E-03-0.138E-03-0.801E-05
    1    9    1  -0.389E-03-0.593E-03-0.679E-03-0.115E-03-0.116E-03-0.253E-03 0.116E-03 0.253E-03-0.319E-03-0.182E-03
    1    9   12  -0.225E-03-0.194E-03-0.293E-03 0.971E-04-0.678E-04 0.133E-03 0.533E-04 0.271E-03-0.240E-03-0.818E-04
    1    9   22  -0.102E-03 0.765E-04-0.556E-04 0.160E-03 0.342E-04 0.854E-04 0.102E-03 0.106E-03-0.129E-03 0.911E-05
    1   10    1  -0.439E-03-0.473E-03-0.657E-03 0.268E-04-0.155E-03-0.225E-03 0.155E-03 0.225E-03-0.326E-03-0.111E-03
    1   10   12  -0.229E-03-0.169E-03-0.266E-03 0.137E-03-0.527E-04 0.132E-03 0.875E-04 0.251E-03-0.237E-03-0.322E-04
    1   10   22  -0.963E-04 0.743E-04-0.391E-04 0.161E-03 0.402E-04 0.830E-04 0.111E-03 0.973E-04-0.118E-03 0.251E-04
    1   11    1  -0.468E-03-0.359E-03-0.612E-03 0.154E-03-0.189E-03-0.191E-03 0.189E-03 0.191E-03-0.321E-03-0.451E-04
    1   11   12  -0.231E-03-0.143E-03-0.232E-03 0.173E-03-0.381E-04 0.129E-03 0.118E-03 0.226E-03-0.226E-03 0.132E-04
    1   11   22  -0.910E-04 0.724E-04-0.222E-04 0.160E-03 0.460E-04 0.794E-04 0.119E-03 0.871E-04-0.106E-03 0.395E-04
    1   12    1  -0.479E-03-0.253E-03-0.547E-03 0.264E-03-0.216E-03-0.153E-03 0.216E-03 0.153E-03-0.306E-03 0.147E-04
    1   12   12  -0.231E-03-0.117E-03-0.195E-03 0.202E-03-0.241E-04 0.126E-03 0.145E-03 0.197E-03-0.210E-03 0.539E-04
    1   12   22  -0.859E-04 0.709E-04-0.508E-05 0.158E-03 0.514E-04 0.748E-04 0.126E-03 0.751E-04-0.923E-04 0.521E-04
    1   13    1  -0.473E-03-0.156E-03-0.468E-03 0.356E-03-0.236E-03-0.113E-03 0.236E-03 0.113E-03-0.283E-03 0.674E-04
    1   13   12  -0.230E-03-0.915E-04-0.155E-03 0.225E-03-0.109E-04 0.121E-03 0.167E-03 0.166E-03-0.187E-03 0.893E-04
    1   13   22  -0.811E-04 0.698E-04 0.119E-04 0.154E-03 0.563E-04 0.692E-04 0.131E-03 0.618E-04-0.777E-04 0.626E-04
    1   14    1  -0.454E-03-0.693E-04-0.378E-03 0.429E-03-0.249E-03-0.700E-04 0.249E-03 0.700E-04-0.253E-03 0.113E-03
    1   14   12  -0.227E-03-0.664E-04-0.112E-03 0.241E-03 0.123E-05 0.115E-03 0.184E-03 0.132E-03-0.161E-03 0.119E-03
    1   14   22  -0.765E-04 0.693E-04 0.286E-04 0.149E-03 0.604E-04 0.629E-04 0.135E-03 0.474E-04-0.624E-04 0.708E-04
    1   15    1  -0.425E-03 0.682E-05-0.279E-03 0.481E-03-0.255E-03-0.266E-04 0.255E-03 0.266E-04-0.218E-03 0.150E-03
    1   15   12  -0.222E-03-0.422E-04-0.686E-04 0.250E-03 0.123E-04 0.108E-03 0.195E-03 0.964E-04-0.131E-03 0.142E-03
    1   15   22  -0.720E-04 0.691E-04 0.446E-04 0.141E-03 0.638E-04 0.559E-04 0.136E-03 0.322E-04-0.466E-04 0.766E-04
    1   16    1  -0.386E-03 0.718E-04-0.177E-03 0.514E-03-0.254E-03 0.165E-04 0.254E-03-0.165E-04-0.179E-03 0.179E-03
    1   16   12  -0.216E-03-0.191E-04-0.250E-04 0.252E-03 0.222E-04 0.101E-03 0.200E-03 0.607E-04-0.991E-04 0.159E-03
    1   16   22  -0.676E-04 0.693E-04 0.597E-04 0.132E-03 0.663E-04 0.485E-04 0.136E-03 0.167E-04-0.306E-04 0.800E-04
    1   17    1  -0.342E-03 0.125E-03-0.733E-04 0.526E-03-0.247E-03 0.582E-04 0.247E-03-0.582E-04-0.138E-03 0.199E-03
    1   17   12  -0.207E-03 0.277E-05 0.174E-04 0.247E-03 0.309E-04 0.928E-04 0.200E-03 0.255E-04-0.660E-04 0.170E-03
    1   17   22  -0.631E-04 0.697E-04 0.735E-04 0.121E-03 0.679E-04 0.408E-04 0.133E-03 0.125E-05-0.148E-04 0.810E-04
    1   18    1  -0.293E-03 0.168E-03 0.275E-04 0.520E-03-0.232E-03 0.976E-04 0.232E-03-0.976E-04-0.954E-04 0.212E-03
    1   18   12  -0.197E-03 0.232E-04 0.576E-04 0.235E-03 0.383E-04 0.844E-04 0.195E-03-0.845E-05-0.328E-04 0.175E-03
    1   18   22  -0.586E-04 0.705E-04 0.859E-04 0.108E-03 0.686E-04 0.330E-04 0.129E-03-0.138E-04 0.382E-06 0.796E-04
    1   19    1  -0.241E-03 0.199E-03 0.123E-03 0.496E-03-0.212E-03 0.134E-03 0.212E-03-0.134E-03-0.537E-04 0.217E-03
    1   19   12  -0.186E-03 0.421E-04 0.946E-04 0.217E-03 0.445E-04 0.758E-04 0.185E-03-0.403E-04-0.452E-06 0.173E-03
    1   19   22  -0.538E-04 0.715E-04 0.966E-04 0.943E-04 0.684E-04 0.252E-04 0.122E-03-0.282E-04 0.147E-04 0.760E-04
    1   20    1  -0.189E-03 0.219E-03 0.210E-03 0.457E-03-0.186E-03 0.166E-03 0.186E-03-0.166E-03-0.135E-04 0.215E-03
    1   20   12  -0.173E-03 0.592E-04 0.128E-03 0.194E-03 0.496E-04 0.671E-04 0.170E-03-0.693E-04 0.302E-04 0.167E-03
    1   20   22  -0.489E-04 0.726E-04 0.105E-03 0.793E-04 0.672E-04 0.177E-04 0.114E-03-0.415E-04 0.279E-04 0.703E-04
    1   21    1  -0.138E-03 0.230E-03 0.286E-03 0.403E-03-0.156E-03 0.193E-03 0.156E-03-0.193E-03 0.240E-04 0.206E-03
    1   21   12  -0.159E-03 0.744E-04 0.156E-03 0.166E-03 0.534E-04 0.584E-04 0.151E-03-0.949E-04 0.583E-04 0.155E-03
    1   21   22  -0.438E-04 0.737E-04 0.112E-03 0.634E-04 0.652E-04 0.105E-04 0.104E-03-0.534E-04 0.397E-04 0.628E-04
    1   22    1  -0.891E-04 0.232E-03 0.350E-03 0.338E-03-0.122E-03 0.215E-03 0.122E-03-0.215E-03 0.580E-04 0.191E-03
    1   22   12  -0.144E-03 0.877E-04 0.178E-03 0.135E-03 0.562E-04 0.498E-04 0.129E-03-0.117E-03 0.833E-04 0.139E-03
    1   22   22  -0.384E-04 0.747E-04 0.117E-03 0.469E-04 0.625E-04 0.376E-05 0.921E-04-0.638E-04 0.498E-04 0.538E-04
    1   23    1  -0.440E-04 0.225E-03 0.401E-03 0.265E-03-0.859E-04 0.230E-03 0.859E-04-0.230E-03 0.877E-04 0.171E-03
    1   23   12  -0.128E-03 0.990E-04 0.195E-03 0.101E-03 0.581E-04 0.415E-04 0.104E-03-0.134E-03 0.105E-03 0.120E-03
    1   23   22  -0.327E-04 0.756E-04 0.119E-03 0.302E-04 0.591E-04-0.234E-05 0.797E-04-0.724E-04 0.580E-04 0.435E-04
    1   24    1  -0.347E-05 0.212E-03 0.436E-03 0.185E-03-0.478E-04 0.240E-03 0.478E-04-0.240E-03 0.113E-03 0.147E-03
    1   24   12  -0.112E-03 0.108E-03 0.206E-03 0.646E-04 0.590E-04 0.335E-04 0.771E-04-0.147E-03 0.122E-03 0.979E-04
    1   24   22  -0.268E-04 0.763E-04 0.119E-03 0.135E-04 0.552E-04-0.780E-05 0.664E-04-0.791E-04 0.642E-04 0.322E-04
    1   25    1   0.317E-04 0.193E-03 0.457E-03 0.101E-03-0.899E-05 0.244E-03 0.899E-05-0.244E-03 0.132E-03 0.121E-03
    1   25   12  -0.951E-04 0.115E-03 0.211E-03 0.280E-04 0.590E-04 0.260E-04 0.492E-04-0.155E-03 0.134E-03 0.736E-04
    1   25   22  -0.206E-04 0.766E-04 0.117E-03-0.280E-05 0.508E-04-0.125E-04 0.526E-04-0.837E-04 0.684E-04 0.203E-04
    1   26    1   0.608E-04 0.169E-03 0.462E-03 0.167E-04 0.295E-04 0.241E-03-0.295E-04-0.241E-03 0.146E-03 0.921E-04
    1   26   12  -0.785E-04 0.121E-03 0.209E-03-0.815E-05 0.584E-04 0.189E-04 0.210E-04-0.158E-03 0.142E-03 0.482E-04
    1   26   22  -0.143E-04 0.766E-04 0.113E-03-0.185E-04 0.461E-04-0.165E-04 0.387E-04-0.864E-04 0.704E-04 0.806E-05
    1   27    1   0.836E-04 0.142E-03 0.452E-03-0.658E-04 0.667E-04 0.232E-03-0.667E-04-0.232E-03 0.155E-03 0.624E-04
    1   27   12  -0.619E-04 0.124E-03 0.202E-03-0.430E-04 0.571E-04 0.124E-04-0.672E-05-0.156E-03 0.146E-03 0.223E-04
    1   27   22  -0.773E-05 0.761E-04 0.107E-03-0.332E-04 0.411E-04-0.196E-04 0.248E-04-0.870E-04 0.704E-04-0.406E-05
    1   28    1   0.100E-03 0.114E-03 0.428E-03-0.144E-03 0.102E-03 0.217E-03-0.102E-03-0.217E-03 0.158E-03 0.327E-04
    1   28   12  -0.457E-04 0.125E-03 0.189E-03-0.756E-04 0.553E-04 0.637E-05-0.333E-04-0.150E-03 0.144E-03-0.317E-05
    1   28   22  -0.112E-05 0.751E-04 0.990E-04-0.466E-04 0.362E-04-0.220E-04 0.114E-04-0.856E-04 0.684E-04-0.158E-04
    1   29    1   0.110E-03 0.842E-04 0.391E-03-0.216E-03 0.134E-03 0.198E-03-0.134E-03-0.198E-03 0.155E-03 0.394E-05
    1   29   12  -0.300E-04 0.125E-03 0.170E-03-0.105E-03 0.531E-04 0.944E-06-0.580E-04-0.140E-03 0.139E-03-0.275E-04
    1   29   22   0.550E-05 0.735E-04 0.893E-04-0.586E-04 0.312E-04-0.236E-04-0.125E-05-0.824E-04 0.645E-04-0.269E-04
    1   30    1   0.114E-03 0.551E-04 0.343E-03-0.279E-03 0.162E-03 0.174E-03-0.162E-03-0.174E-03 0.148E-03-0.231E-04
    1   30   12  -0.150E-04 0.123E-03 0.148E-03-0.131E-03 0.506E-04-0.394E-05-0.802E-04-0.126E-03 0.130E-03-0.501E-04
    1   30   22   0.121E-04 0.712E-04 0.783E-04-0.690E-04 0.264E-04-0.245E-04-0.130E-04-0.775E-04 0.588E-04-0.370E-04
    1   31    1   0.112E-03 0.274E-04 0.285E-03-0.331E-03 0.186E-03 0.145E-03-0.186E-03-0.145E-03 0.137E-03-0.477E-04
    1   31   12  -0.849E-06 0.119E-03 0.122E-03-0.152E-03 0.478E-04-0.826E-05-0.994E-04-0.109E-03 0.117E-03-0.704E-04
    1   31   22   0.185E-04 0.684E-04 0.661E-04-0.775E-04 0.219E-04-0.248E-04-0.235E-04-0.711E-04 0.517E-04-0.459E-04
    1   32    1   0.105E-03 0.201E-05 0.219E-03-0.373E-03 0.205E-03 0.114E-03-0.205E-03-0.114E-03 0.122E-03-0.691E-04
    1   32   12   0.123E-04 0.114E-03 0.933E-04-0.168E-03 0.449E-04-0.121E-04-0.115E-03-0.889E-04 0.101E-03-0.877E-04
    1   32   22   0.246E-04 0.649E-04 0.531E-04-0.840E-04 0.177E-04-0.244E-04-0.326E-04-0.634E-04 0.433E-04-0.534E-04
    1   33    1   0.940E-04-0.203E-04 0.149E-03-0.401E-03 0.218E-03 0.807E-04-0.218E-03-0.807E-04 0.103E-03-0.870E-04
    1   33   12   0.244E-04 0.108E-03 0.626E-04-0.179E-03 0.418E-04-0.154E-04-0.127E-03-0.671E-04 0.830E-04-0.102E-03
    1   33   22   0.304E-04 0.608E-04 0.395E-04-0.886E-04 0.139E-04-0.235E-04-0.402E-04-0.547E-04 0.338E-04-0.593E-04
    1   34    1   0.792E-04-0.388E-04 0.754E-04-0.417E-03 0.226E-03 0.459E-04-0.226E-03-0.459E-04 0.829E-04-0.101E-03
    1   34   12   0.352E-04 0.100E-03 0.310E-04-0.185E-03 0.387E-04-0.182E-04-0.135E-03-0.439E-04 0.631E-04-0.112E-03
    1   34   22   0.358E-04 0.561E-04 0.257E-04-0.910E-04 0.106E-04-0.222E-04-0.462E-04-0.453E-04 0.237E-04-0.635E-04
    1   35    1   0.616E-04-0.532E-04 0.108E-05-0.420E-03 0.229E-03 0.107E-04-0.229E-03-0.107E-04 0.609E-04-0.110E-03
    1   35   12   0.448E-04 0.922E-04-0.702E-06-0.185E-03 0.357E-04-0.207E-04-0.139E-03-0.201E-04 0.420E-04-0.119E-03
    1   35   22   0.406E-04 0.509E-04 0.120E-04-0.915E-04 0.773E-05-0.206E-04-0.504E-04-0.354E-04 0.131E-04-0.660E-04
    1   36    1   0.422E-04-0.632E-04-0.717E-04-0.410E-03 0.225E-03-0.242E-04-0.225E-03 0.242E-04 0.380E-04-0.116E-03
    1   36   12   0.530E-04 0.833E-04-0.315E-04-0.180E-03 0.326E-04-0.228E-04-0.139E-03 0.376E-05 0.205E-04-0.122E-03
    1   36   22   0.449E-04 0.452E-04-0.130E-05-0.899E-04 0.541E-05-0.188E-04-0.529E-04-0.253E-04 0.243E-05-0.667E-04
    1   37    1   0.219E-04-0.686E-04-0.141E-03-0.387E-03 0.217E-03-0.577E-04-0.217E-03 0.577E-04 0.153E-04-0.117E-03
    1   37   12   0.599E-04 0.739E-04-0.607E-04-0.170E-03 0.296E-04-0.246E-04-0.135E-03 0.269E-04-0.766E-06-0.122E-03
    1   37   22   0.485E-04 0.390E-04-0.140E-04-0.865E-04 0.361E-05-0.169E-04-0.537E-04-0.153E-04-0.811E-05-0.656E-04
    1   38    1   0.154E-05-0.695E-04-0.204E-03-0.354E-03 0.204E-03-0.891E-04-0.204E-03 0.891E-04-0.676E-05-0.114E-03
    1   38   12   0.654E-04 0.641E-04-0.874E-04-0.155E-03 0.267E-04-0.261E-04-0.128E-03 0.487E-04-0.212E-04-0.117E-03
    1   38   22   0.513E-04 0.325E-04-0.257E-04-0.813E-04 0.232E-05-0.149E-04-0.530E-04-0.560E-05-0.182E-04-0.628E-04
    1   39    1  -0.180E-04-0.660E-04-0.260E-03-0.310E-03 0.186E-03-0.118E-03-0.186E-03 0.118E-03-0.273E-04-0.107E-03
    1   39   12   0.696E-04 0.541E-04-0.111E-03-0.137E-03 0.239E-04-0.273E-04-0.117E-03 0.687E-04-0.403E-04-0.110E-03
    1   39   22   0.534E-04 0.258E-04-0.363E-04-0.747E-04 0.151E-05-0.130E-04-0.507E-04 0.350E-05-0.276E-04-0.585E-04
    1   40    1  -0.360E-04-0.586E-04-0.307E-03-0.258E-03 0.164E-03-0.143E-03-0.164E-03 0.143E-03-0.458E-04-0.966E-04
    1   40   12   0.725E-04 0.442E-04-0.131E-03-0.114E-03 0.212E-04-0.285E-04-0.102E-03 0.863E-04-0.575E-04-0.991E-04
    1   40   22   0.547E-04 0.190E-04-0.456E-04-0.667E-04 0.112E-05-0.112E-04-0.470E-04 0.118E-04-0.361E-04-0.528E-04
    1   41    1  -0.517E-04-0.477E-04-0.344E-03-0.199E-03 0.139E-03-0.164E-03-0.139E-03 0.164E-03-0.617E-04-0.834E-04
    1   41   12   0.742E-04 0.343E-04-0.146E-03-0.897E-04 0.185E-04-0.294E-04-0.859E-04 0.101E-03-0.723E-04-0.859E-04
    1   41   22   0.551E-04 0.121E-04-0.534E-04-0.576E-04 0.112E-05-0.963E-05-0.422E-04 0.191E-04-0.434E-04-0.459E-04
    1   42    1  -0.646E-04-0.338E-04-0.370E-03-0.136E-03 0.111E-03-0.181E-03-0.111E-03 0.181E-03-0.746E-04-0.678E-04
    1   42   12   0.747E-04 0.247E-04-0.157E-03-0.631E-04 0.159E-04-0.302E-04-0.674E-04 0.113E-03-0.844E-04-0.706E-04
    1   42   22   0.547E-04 0.527E-05-0.596E-04-0.477E-04 0.142E-05-0.833E-05-0.364E-04 0.253E-04-0.495E-04-0.380E-04
    1   43    1  -0.742E-04-0.176E-04-0.384E-03-0.693E-04 0.813E-04-0.193E-03-0.813E-04 0.193E-03-0.842E-04-0.504E-04
    1   43   12   0.740E-04 0.156E-04-0.164E-03-0.353E-04 0.133E-04-0.309E-04-0.474E-04 0.121E-03-0.936E-04-0.538E-04
    1   43   22   0.535E-04-0.137E-05-0.640E-04-0.372E-04 0.197E-05-0.733E-05-0.298E-04 0.302E-04-0.541E-04-0.294E-04
    1   44    1  -0.802E-04 0.249E-06-0.387E-03-0.219E-05 0.506E-04-0.200E-03-0.506E-04 0.200E-03-0.902E-04-0.319E-04
    1   44   12   0.724E-04 0.688E-05-0.165E-03-0.720E-05 0.108E-04-0.315E-04-0.266E-04 0.126E-03-0.996E-04-0.360E-04
    1   44   22   0.516E-04-0.771E-05-0.668E-04-0.265E-04 0.268E-05-0.666E-05-0.228E-04 0.338E-04-0.572E-04-0.202E-04
    1   45    1  -0.824E-04 0.190E-04-0.379E-03 0.637E-04 0.196E-04-0.202E-03-0.196E-04 0.202E-03-0.926E-04-0.130E-04
    1   45   12   0.699E-04-0.119E-05-0.162E-03 0.204E-04 0.821E-05-0.320E-04-0.555E-05 0.127E-03-0.102E-03-0.177E-04
    1   45   22   0.489E-04-0.137E-04-0.679E-04-0.157E-04 0.347E-05-0.632E-05-0.154E-04 0.360E-04-0.588E-04-0.108E-04
    1   46    1  -0.807E-04 0.379E-04-0.359E-03 0.127E-03-0.108E-04-0.199E-03 0.108E-04 0.199E-03-0.915E-04 0.574E-05
    1   46   12   0.666E-04-0.860E-05-0.154E-03 0.467E-04 0.562E-05-0.324E-04 0.151E-04 0.125E-03-0.102E-03 0.501E-06
    1   46   22   0.455E-04-0.192E-04-0.673E-04-0.523E-05 0.427E-05-0.634E-05-0.802E-05 0.369E-04-0.588E-04-0.135E-05
    1   47    1  -0.752E-04 0.562E-04-0.329E-03 0.184E-03-0.400E-04-0.192E-03 0.400E-04 0.192E-03-0.869E-04 0.237E-04
    1   47   12   0.627E-04-0.153E-04-0.142E-03 0.710E-04 0.297E-05-0.327E-04 0.349E-04 0.120E-03-0.984E-04 0.181E-04
    1   47   22   0.415E-04-0.241E-04-0.652E-04 0.478E-05 0.501E-05-0.668E-05-0.795E-06 0.364E-04-0.574E-04 0.782E-05
    1   48    1  -0.661E-04 0.732E-04-0.290E-03 0.236E-03-0.672E-04-0.181E-03 0.672E-04 0.181E-03-0.792E-04 0.402E-04
    1   48   12   0.583E-04-0.212E-04-0.127E-03 0.926E-04 0.270E-06-0.329E-04 0.533E-04 0.111E-03-0.919E-04 0.345E-04
    1   48   22   0.369E-04-0.284E-04-0.616E-04 0.141E-04 0.562E-05-0.731E-05 0.604E-05 0.347E-04-0.545E-04 0.165E-04
    1   49    1  -0.538E-04 0.884E-04-0.244E-03 0.279E-03-0.919E-04-0.166E-03 0.919E-04 0.166E-03-0.686E-04 0.548E-04
    1   49   12   0.534E-04-0.263E-04-0.108E-03 0.111E-03-0.250E-05-0.329E-04 0.698E-04 0.998E-04-0.829E-04 0.493E-04
    1   49   22   0.320E-04-0.319E-04-0.568E-04 0.225E-04 0.604E-05-0.820E-05 0.123E-04 0.319E-04-0.503E-04 0.245E-04
    1   50    1  -0.386E-04 0.101E-03-0.191E-03 0.314E-03-0.113E-03-0.147E-03 0.113E-03 0.147E-03-0.556E-04 0.670E-04
    1   50   12   0.482E-04-0.306E-04-0.866E-04 0.126E-03-0.534E-05-0.327E-04 0.840E-04 0.861E-04-0.716E-04 0.621E-04
    1   50   22   0.268E-04-0.348E-04-0.509E-04 0.298E-04 0.621E-05-0.930E-05 0.178E-04 0.281E-04-0.450E-04 0.316E-04
    1   51    1  -0.210E-04 0.111E-03-0.133E-03 0.339E-03-0.132E-03-0.126E-03 0.132E-03 0.126E-03-0.407E-04 0.765E-04
    1   51   12   0.428E-04-0.341E-04-0.633E-04 0.137E-03-0.824E-05-0.323E-04 0.956E-04 0.705E-04-0.584E-04 0.726E-04
    1   51   22   0.213E-04-0.369E-04-0.441E-04 0.359E-04 0.610E-05-0.105E-04 0.223E-04 0.235E-04-0.387E-04 0.376E-04
    1   52    1  -0.171E-05 0.117E-03-0.732E-04 0.353E-03-0.146E-03-0.102E-03 0.146E-03 0.102E-03-0.245E-04 0.830E-04
    1   52   12   0.373E-04-0.368E-04-0.389E-04 0.144E-03-0.112E-04-0.317E-04 0.104E-03 0.534E-04-0.439E-04 0.805E-04
    1   52   22   0.157E-04-0.382E-04-0.366E-04 0.407E-04 0.568E-05-0.119E-04 0.259E-04 0.182E-04-0.316E-04 0.425E-04
    1   53    1   0.187E-04 0.120E-03-0.122E-04 0.357E-03-0.156E-03-0.773E-04 0.156E-03 0.773E-04-0.736E-05 0.863E-04
    1   53   12   0.319E-04-0.388E-04-0.140E-04 0.146E-03-0.142E-04-0.308E-04 0.110E-03 0.354E-04-0.283E-04 0.857E-04
    1   53   22   0.101E-04-0.388E-04-0.288E-04 0.442E-04 0.493E-05-0.132E-04 0.284E-04 0.125E-04-0.240E-04 0.460E-04
    1   54    1   0.396E-04 0.119E-03 0.481E-04 0.351E-03-0.162E-03-0.517E-04 0.162E-03 0.517E-04 0.997E-05 0.864E-04
    1   54   12   0.265E-04-0.401E-04 0.106E-04 0.144E-03-0.172E-04-0.296E-04 0.113E-03 0.169E-04-0.124E-04 0.880E-04
    1   54   22   0.467E-05-0.386E-04-0.207E-04 0.463E-04 0.386E-05-0.145E-04 0.298E-04 0.655E-05-0.160E-04 0.483E-04
    1   55    1   0.603E-04 0.115E-03 0.106E-03 0.335E-03-0.164E-03-0.260E-04 0.164E-03 0.260E-04 0.269E-04 0.832E-04
    1   55   12   0.213E-04-0.408E-04 0.343E-04 0.139E-03-0.202E-04-0.281E-04 0.112E-03-0.142E-05 0.354E-05 0.876E-04
    1   55   22  -0.597E-06-0.376E-04-0.127E-04 0.471E-04 0.247E-05-0.157E-04 0.301E-04 0.558E-06-0.793E-05 0.492E-04
    1   56    1   0.802E-04 0.106E-03 0.159E-03 0.309E-03-0.162E-03-0.910E-06 0.162E-03 0.910E-06 0.430E-04 0.771E-04
    1   56   12   0.164E-04-0.409E-04 0.563E-04 0.129E-03-0.231E-04-0.263E-04 0.109E-03-0.192E-04 0.189E-04 0.844E-04
    1   56   22  -0.556E-05-0.360E-04-0.484E-05 0.465E-04 0.796E-06-0.166E-04 0.292E-04-0.528E-05 0.645E-07 0.489E-04
    1   57    1   0.986E-04 0.949E-04 0.207E-03 0.275E-03-0.156E-03 0.230E-04 0.156E-03-0.230E-04 0.577E-04 0.680E-04
    1   57   12   0.117E-04-0.404E-04 0.762E-04 0.116E-03-0.258E-04-0.241E-04 0.103E-03-0.359E-04 0.333E-04 0.786E-04
    1   57   22  -0.101E-04-0.338E-04 0.254E-05 0.448E-04-0.114E-05-0.174E-04 0.273E-04-0.108E-04 0.774E-05 0.472E-04
    1   58    1   0.115E-03 0.801E-04 0.248E-03 0.234E-03-0.146E-03 0.451E-04 0.146E-03-0.451E-04 0.704E-04 0.565E-04
    1   58   12   0.739E-05-0.396E-04 0.934E-04 0.100E-03-0.285E-04-0.216E-04 0.938E-04-0.511E-04 0.464E-04 0.706E-04
    1   58   22  -0.143E-04-0.311E-04 0.931E-05 0.420E-04-0.328E-05-0.178E-04 0.245E-04-0.158E-04 0.149E-04 0.444E-04
    1   59    1   0.129E-03 0.626E-04 0.281E-03 0.187E-03-0.134E-03 0.650E-04 0.134E-03-0.650E-04 0.808E-04 0.429E-04
    1   59   12   0.343E-05-0.383E-04 0.107E-03 0.819E-04-0.309E-04-0.188E-04 0.829E-04-0.645E-04 0.577E-04 0.604E-04
    1   59   22  -0.178E-04-0.279E-04 0.153E-04 0.382E-04-0.558E-05-0.179E-04 0.208E-04-0.201E-04 0.214E-04 0.405E-04
    1   60    1   0.139E-03 0.429E-04 0.305E-03 0.135E-03-0.119E-03 0.822E-04 0.119E-03-0.822E-04 0.887E-04 0.275E-04
    1   60   12  -0.148E-06-0.368E-04 0.118E-03 0.617E-04-0.331E-04-0.156E-04 0.701E-04-0.757E-04 0.669E-04 0.486E-04
    1   60   22  -0.209E-04-0.243E-04 0.204E-04 0.336E-04-0.797E-05-0.176E-04 0.165E-04-0.236E-04 0.271E-04 0.357E-04
    1   61    1   0.147E-03 0.215E-04 0.320E-03 0.810E-04-0.101E-03 0.963E-04 0.101E-03-0.963E-04 0.936E-04 0.110E-04
    1   61   12  -0.334E-05-0.350E-04 0.125E-03 0.403E-04-0.349E-04-0.122E-04 0.558E-04-0.845E-04 0.739E-04 0.355E-04
    1   61   22  -0.233E-04-0.205E-04 0.246E-04 0.284E-04-0.104E-04-0.170E-04 0.116E-04-0.263E-04 0.318E-04 0.301E-04
    1   62    1   0.151E-03-0.106E-05 0.326E-03 0.256E-04-0.826E-04 0.107E-03 0.826E-04-0.107E-03 0.956E-04-0.622E-05
    1   62   12  -0.615E-05-0.331E-04 0.128E-03 0.183E-04-0.364E-04-0.847E-05 0.406E-04-0.907E-04 0.784E-04 0.215E-04
    1   62   22  -0.251E-04-0.165E-04 0.277E-04 0.228E-04-0.128E-04-0.159E-04 0.640E-05-0.280E-04 0.354E-04 0.240E-04
    1   63    1   0.151E-03-0.241E-04 0.322E-03-0.293E-04-0.628E-04 0.115E-03 0.628E-04-0.115E-03 0.944E-04-0.235E-04
    1   63   12  -0.860E-05-0.310E-04 0.127E-03-0.361E-05-0.375E-04-0.452E-05 0.248E-04-0.942E-04 0.804E-04 0.714E-05
    1   63   22  -0.263E-04-0.124E-04 0.297E-04 0.170E-04-0.150E-04-0.145E-04 0.990E-06-0.287E-04 0.380E-04 0.175E-04
    1   64    1   0.147E-03-0.470E-04 0.309E-03-0.822E-04-0.426E-04 0.119E-03 0.426E-04-0.119E-03 0.902E-04-0.405E-04
    1   64   12  -0.107E-04-0.289E-04 0.123E-03-0.248E-04-0.381E-04-0.386E-06 0.889E-05-0.950E-04 0.799E-04-0.727E-05
    1   64   22  -0.269E-04-0.824E-05 0.307E-04 0.111E-04-0.171E-04-0.126E-04-0.443E-05-0.284E-04 0.394E-04 0.108E-04
    1   65    1   0.140E-03-0.691E-04 0.287E-03-0.131E-03-0.226E-04 0.120E-03 0.226E-04-0.120E-03 0.831E-04-0.564E-04
    1   65   12  -0.125E-04-0.268E-04 0.116E-03-0.447E-04-0.383E-04 0.387E-05-0.665E-05-0.933E-04 0.769E-04-0.212E-04
    1   65   22  -0.268E-04-0.422E-05 0.307E-04 0.532E-05-0.189E-04-0.105E-04-0.968E-05-0.272E-04 0.397E-04 0.408E-05
    1   66    1   0.129E-03-0.899E-04 0.258E-03-0.176E-03-0.328E-05 0.117E-03 0.328E-05-0.117E-03 0.733E-04-0.710E-04
    1   66   12  -0.139E-04-0.247E-04 0.105E-03-0.627E-04-0.379E-04 0.819E-05-0.214E-04-0.890E-04 0.715E-04-0.344E-04
    1   66   22  -0.262E-04-0.375E-06 0.297E-04-0.161E-06-0.204E-04-0.800E-05-0.146E-04-0.250E-04 0.389E-04-0.245E-05
    1   67    1   0.115E-03-0.109E-03 0.222E-03-0.214E-03 0.148E-04 0.112E-03-0.148E-04-0.112E-03 0.611E-04-0.837E-04
    1   67   12  -0.152E-04-0.226E-04 0.912E-04-0.784E-04-0.370E-04 0.125E-04-0.350E-04-0.824E-04 0.640E-04-0.462E-04
    1   67   22  -0.252E-04 0.322E-05 0.278E-04-0.520E-05-0.216E-04-0.526E-05-0.190E-04-0.220E-04 0.370E-04-0.862E-05
    1   68    1   0.987E-04-0.125E-03 0.181E-03-0.246E-03 0.312E-04 0.103E-03-0.312E-04-0.103E-03 0.468E-04-0.942E-04
    1   68   12  -0.162E-04-0.207E-04 0.754E-04-0.915E-04-0.356E-04 0.167E-04-0.471E-04-0.738E-04 0.547E-04-0.566E-04
    1   68   22  -0.236E-04 0.651E-05 0.251E-04-0.967E-05-0.223E-04-0.233E-05-0.228E-04-0.183E-04 0.342E-04-0.143E-04
    1   69    1   0.795E-04-0.139E-03 0.135E-03-0.269E-03 0.456E-04 0.930E-04-0.456E-04-0.930E-04 0.309E-04-0.102E-03
    1   69   12  -0.170E-04-0.188E-04 0.578E-04-0.101E-03-0.337E-04 0.208E-04-0.574E-04-0.635E-04 0.438E-04-0.651E-04
    1   69   22  -0.217E-04 0.943E-05 0.218E-04-0.135E-04-0.226E-04 0.724E-06-0.259E-04-0.139E-04 0.306E-04-0.193E-04
    1   70    1   0.585E-04-0.149E-03 0.866E-04-0.285E-03 0.576E-04 0.806E-04-0.576E-04-0.806E-04 0.138E-04-0.107E-03
    1   70   12  -0.176E-04-0.170E-04 0.391E-04-0.108E-03-0.313E-04 0.247E-04-0.657E-04-0.518E-04 0.317E-04-0.716E-04
    1   70   22  -0.194E-04 0.119E-04 0.180E-04-0.165E-04-0.225E-04 0.384E-05-0.282E-04-0.913E-05 0.263E-04-0.235E-04
    1   71    1   0.361E-04-0.156E-03 0.368E-04-0.292E-03 0.671E-04 0.669E-04-0.671E-04-0.669E-04-0.402E-05-0.110E-03
    1   71   12  -0.182E-04-0.153E-04 0.198E-04-0.112E-03-0.284E-04 0.283E-04-0.717E-04-0.392E-04 0.187E-04-0.758E-04
    1   71   22  -0.169E-04 0.140E-04 0.139E-04-0.187E-04-0.219E-04 0.694E-05-0.296E-04-0.400E-05 0.215E-04-0.269E-04
    1   72    1   0.129E-04-0.160E-03-0.128E-04-0.290E-03 0.738E-04 0.521E-04-0.738E-04-0.521E-04-0.220E-04-0.109E-03
    1   72   12  -0.187E-04-0.138E-04 0.387E-06-0.112E-03-0.250E-04 0.316E-04-0.755E-04-0.259E-04 0.528E-05-0.777E-04
    1   72   22  -0.142E-04 0.156E-04 0.957E-05-0.201E-04-0.208E-04 0.996E-05-0.300E-04 0.128E-05 0.162E-04-0.294E-04
    1   73    1  -0.104E-04-0.160E-03-0.609E-04-0.280E-03 0.778E-04 0.370E-04-0.778E-04-0.370E-04-0.397E-04-0.105E-03
    1   73   12  -0.191E-04-0.123E-04-0.185E-04-0.109E-03-0.212E-04 0.344E-04-0.769E-04-0.124E-04-0.818E-05-0.773E-04
    1   73   22  -0.114E-04 0.168E-04 0.521E-05-0.206E-04-0.193E-04 0.128E-04-0.295E-04 0.656E-05 0.108E-04-0.309E-04
    1   74    1  -0.333E-04-0.156E-03-0.106E-03-0.262E-03 0.790E-04 0.218E-04-0.790E-04-0.218E-04-0.565E-04-0.983E-04
    1   74   12  -0.195E-04-0.108E-04-0.362E-04-0.102E-03-0.171E-04 0.368E-04-0.761E-04 0.814E-06-0.213E-04-0.747E-04
    1   74   22  -0.865E-05 0.175E-04 0.958E-06-0.204E-04-0.174E-04 0.154E-04-0.281E-04 0.117E-04 0.528E-05-0.314E-04
    1   75    1  -0.553E-04-0.149E-03-0.147E-03-0.238E-03 0.776E-04 0.718E-05-0.776E-04-0.718E-05-0.721E-04-0.889E-04
    1   75   12  -0.198E-04-0.946E-05-0.525E-04-0.932E-04-0.127E-04 0.386E-04-0.730E-04 0.135E-04-0.337E-04-0.699E-04
    1   75   22  -0.590E-05 0.178E-04-0.304E-05-0.193E-04-0.151E-04 0.178E-04-0.259E-04 0.165E-04-0.117E-06-0.310E-04
    1   76    1  -0.757E-04-0.138E-03-0.183E-03-0.207E-03 0.738E-04-0.655E-05-0.738E-04 0.655E-05-0.859E-04-0.771E-04
    1   76   12  -0.202E-04-0.810E-05-0.667E-04-0.816E-04-0.807E-05 0.399E-04-0.679E-04 0.253E-04-0.450E-04-0.630E-04
    1   76   22  -0.326E-05 0.176E-04-0.666E-05-0.176E-04-0.124E-04 0.197E-04-0.228E-04 0.208E-04-0.526E-05-0.298E-04
    1   77    1  -0.942E-04-0.125E-03-0.212E-03-0.170E-03 0.677E-04-0.190E-04-0.677E-04 0.190E-04-0.977E-04-0.631E-04
    1   77   12  -0.205E-04-0.674E-05-0.786E-04-0.679E-04-0.329E-05 0.406E-04-0.610E-04 0.358E-04-0.549E-04-0.544E-04
    1   77   22  -0.793E-06 0.171E-04-0.980E-05-0.153E-04-0.948E-05 0.213E-04-0.191E-04 0.245E-04-0.100E-04-0.277E-04
    1   78    1  -0.110E-03-0.109E-03-0.235E-03-0.130E-03 0.598E-04-0.297E-04-0.598E-04 0.297E-04-0.107E-03-0.475E-04
    1   78   12  -0.208E-04-0.536E-05-0.878E-04-0.526E-04 0.155E-05 0.407E-04-0.526E-04 0.448E-04-0.632E-04-0.443E-04
    1   78   22   0.146E-05 0.163E-04-0.124E-04-0.125E-04-0.634E-05 0.224E-04-0.148E-04 0.276E-04-0.142E-04-0.249E-04
    1   79    1  -0.124E-03-0.908E-04-0.250E-03-0.871E-04 0.503E-04-0.386E-04-0.503E-04 0.386E-04-0.114E-03-0.305E-04
    1   79   12  -0.212E-04-0.395E-05-0.942E-04-0.362E-04 0.637E-05 0.402E-04-0.429E-04 0.520E-04-0.696E-04-0.331E-04
    1   79   22   0.345E-05 0.151E-04-0.143E-04-0.938E-05-0.306E-05 0.230E-04-0.100E-04 0.299E-04-0.178E-04-0.215E-04
    1   80    1  -0.134E-03-0.711E-04-0.258E-03-0.426E-04 0.396E-04-0.454E-04-0.396E-04 0.454E-04-0.118E-03-0.126E-04
    1   80   12  -0.215E-04-0.248E-05-0.976E-04-0.191E-04 0.111E-04 0.391E-04-0.323E-04 0.574E-04-0.741E-04-0.209E-04
    1   80   22   0.515E-05 0.138E-04-0.156E-04-0.599E-05 0.277E-06 0.232E-04-0.492E-05 0.313E-04-0.207E-04-0.176E-04
    1   81    1  -0.141E-03-0.504E-04-0.258E-03 0.189E-05 0.282E-04-0.499E-04-0.282E-04 0.499E-04-0.119E-03 0.562E-05
    1   81   12  -0.217E-04-0.935E-06-0.980E-04-0.197E-05 0.157E-04 0.374E-04-0.211E-04 0.608E-04-0.763E-04-0.832E-05
    1   81   22   0.655E-05 0.123E-04-0.161E-04-0.250E-05 0.361E-05 0.228E-04 0.338E-06 0.319E-04-0.228E-04-0.134E-04
    1   82    1  -0.144E-03-0.290E-04-0.251E-03 0.452E-04 0.165E-04-0.522E-04-0.165E-04 0.522E-04-0.117E-03 0.238E-04
    1   82   12  -0.219E-04 0.689E-06-0.955E-04 0.148E-04 0.200E-04 0.352E-04-0.968E-05 0.622E-04-0.765E-04 0.442E-05
    1   82   22   0.763E-05 0.107E-04-0.160E-04 0.965E-06 0.685E-05 0.220E-04 0.561E-05 0.315E-04-0.241E-04-0.895E-05
    1   83    1  -0.145E-03-0.765E-05-0.236E-03 0.862E-04 0.483E-05-0.521E-04-0.483E-05 0.521E-04-0.112E-03 0.413E-04
    1   83   12  -0.220E-04 0.240E-05-0.903E-04 0.306E-04 0.239E-04 0.324E-04 0.160E-05 0.616E-04-0.745E-04 0.169E-04
    1   83   22   0.840E-05 0.903E-05-0.152E-04 0.428E-05 0.993E-05 0.207E-04 0.107E-04 0.303E-04-0.247E-04-0.445E-05
    1   84    1  -0.142E-03 0.132E-04-0.215E-03 0.124E-03-0.633E-05-0.499E-04 0.633E-05 0.499E-04-0.104E-03 0.579E-04
    1   84   12  -0.220E-04 0.419E-05-0.824E-04 0.452E-04 0.275E-04 0.292E-04 0.124E-04 0.590E-04-0.705E-04 0.288E-04
    1   84   22   0.886E-05 0.738E-05-0.138E-04 0.732E-05 0.128E-04 0.190E-04 0.156E-04 0.283E-04-0.244E-04-0.311E-07
    1   85    1  -0.136E-03 0.331E-04-0.188E-03 0.156E-03-0.166E-04-0.457E-04 0.166E-04 0.457E-04-0.944E-04 0.730E-04
    1   85   12  -0.218E-04 0.606E-05-0.724E-04 0.579E-04 0.307E-04 0.255E-04 0.225E-04 0.547E-04-0.646E-04 0.398E-04
    1   85   22   0.903E-05 0.579E-05-0.118E-04 0.998E-05 0.153E-04 0.168E-04 0.200E-04 0.255E-04-0.234E-04 0.418E-05
    1   86    1  -0.127E-03 0.515E-04-0.157E-03 0.184E-03-0.258E-04-0.397E-04 0.258E-04 0.397E-04-0.822E-04 0.862E-04
    1   86   12  -0.215E-04 0.800E-05-0.604E-04 0.687E-04 0.333E-04 0.215E-04 0.314E-04 0.488E-04-0.570E-04 0.496E-04
    1   86   22   0.894E-05 0.430E-05-0.941E-05 0.122E-04 0.175E-04 0.143E-04 0.240E-04 0.220E-04-0.216E-04 0.806E-05
    1   87    1  -0.116E-03 0.680E-04-0.121E-03 0.205E-03-0.334E-04-0.322E-04 0.334E-04 0.322E-04-0.681E-04 0.974E-04
    1   87   12  -0.210E-04 0.999E-05-0.469E-04 0.770E-04 0.354E-04 0.173E-04 0.391E-04 0.414E-04-0.479E-04 0.580E-04
    1   87   22   0.862E-05 0.295E-05-0.665E-05 0.139E-04 0.193E-04 0.116E-04 0.272E-04 0.179E-04-0.193E-04 0.115E-04
    1   88    1  -0.102E-03 0.823E-04-0.831E-04 0.220E-03-0.394E-04-0.235E-04 0.394E-04 0.235E-04-0.526E-04 0.106E-03
    1   88   12  -0.203E-04 0.120E-04-0.324E-04 0.829E-04 0.369E-04 0.128E-04 0.453E-04 0.330E-04-0.377E-04 0.647E-04
    1   88   22   0.811E-05 0.177E-05-0.363E-05 0.149E-04 0.207E-04 0.856E-05 0.298E-04 0.133E-04-0.165E-04 0.144E-04
    1   89    1  -0.870E-04 0.941E-04-0.436E-04 0.228E-03-0.434E-04-0.139E-04 0.434E-04 0.139E-04-0.359E-04 0.112E-03
    1   89   12  -0.194E-04 0.140E-04-0.172E-04 0.861E-04 0.379E-04 0.818E-05 0.498E-04 0.237E-04-0.266E-04 0.695E-04
    1   89   22   0.746E-05 0.784E-06-0.473E-06 0.154E-04 0.216E-04 0.541E-05 0.315E-04 0.840E-05-0.132E-04 0.167E-04
    1   90    1  -0.704E-04 0.103E-03-0.381E-05 0.229E-03-0.455E-04-0.375E-05 0.455E-04 0.375E-05-0.187E-04 0.116E-03
    1   90   12  -0.182E-04 0.160E-04-0.197E-05 0.866E-04 0.382E-04 0.354E-05 0.526E-04 0.140E-04-0.149E-04 0.724E-04
    1   90   22   0.670E-05 0.107E-07 0.270E-05 0.152E-04 0.220E-04 0.218E-05 0.325E-04 0.329E-05-0.967E-05 0.184E-04
    1   91    1  -0.529E-04 0.110E-03 0.351E-04 0.223E-03-0.456E-04 0.651E-05 0.456E-04-0.651E-05-0.118E-05 0.116E-03
    1   91   12  -0.168E-04 0.179E-04 0.130E-04 0.845E-04 0.380E-04-0.106E-05 0.535E-04 0.397E-05-0.305E-05 0.734E-04
    1   91   22   0.588E-05-0.546E-06 0.577E-05 0.145E-04 0.219E-04-0.105E-05 0.326E-04-0.188E-05-0.596E-05 0.193E-04
    1   92    1  -0.351E-04 0.113E-03 0.720E-04 0.211E-03-0.437E-04 0.165E-04 0.437E-04-0.165E-04 0.161E-04 0.114E-03
    1   92   12  -0.152E-04 0.198E-04 0.271E-04 0.799E-04 0.372E-04-0.555E-05 0.527E-04-0.591E-05 0.872E-05 0.724E-04
    1   92   22   0.506E-05-0.889E-06 0.863E-05 0.131E-04 0.214E-04-0.422E-05 0.318E-04-0.698E-05-0.221E-05 0.196E-04
    1   93    1  -0.174E-04 0.113E-03 0.106E-03 0.193E-03-0.400E-04 0.260E-04 0.400E-04-0.260E-04 0.326E-04 0.110E-03
    1   93   12  -0.133E-04 0.215E-04 0.401E-04 0.730E-04 0.358E-04-0.986E-05 0.502E-04-0.154E-04 0.201E-04 0.695E-04
    1   93   22   0.425E-05-0.102E-05 0.112E-04 0.112E-04 0.204E-04-0.726E-05 0.303E-04-0.119E-04 0.146E-05 0.192E-04
    1   94    1  -0.196E-06 0.111E-03 0.136E-03 0.170E-03-0.344E-04 0.345E-04 0.344E-04-0.345E-04 0.481E-04 0.103E-03
    1   94   12  -0.112E-04 0.230E-04 0.516E-04 0.640E-04 0.340E-04-0.139E-04 0.461E-04-0.242E-04 0.307E-04 0.648E-04
    1   94   22   0.352E-05-0.971E-06 0.133E-04 0.891E-05 0.190E-04-0.101E-04 0.279E-04-0.164E-04 0.494E-05 0.182E-04
    1   95    1   0.160E-04 0.106E-03 0.161E-03 0.142E-03-0.274E-04 0.419E-04 0.274E-04-0.419E-04 0.621E-04 0.934E-04
    1   95   12  -0.883E-05 0.243E-04 0.612E-04 0.534E-04 0.317E-04-0.176E-04 0.405E-04-0.320E-04 0.403E-04 0.585E-04
    1   95   22   0.289E-05-0.757E-06 0.150E-04 0.620E-05 0.172E-04-0.127E-04 0.249E-04-0.205E-04 0.811E-05 0.165E-04
    1   96    1   0.308E-04 0.993E-04 0.180E-03 0.111E-03-0.190E-04 0.477E-04 0.190E-04-0.477E-04 0.744E-04 0.822E-04
    1   96   12  -0.630E-05 0.253E-04 0.687E-04 0.413E-04 0.289E-04-0.210E-04 0.337E-04-0.386E-04 0.486E-04 0.508E-04
    1   96   22   0.239E-05-0.409E-06 0.161E-04 0.322E-05 0.150E-04-0.149E-04 0.214E-04-0.240E-04 0.109E-04 0.144E-04
